<?xml version="1.0" encoding="UTF-8"?>
<testsuite name="RadarTest" tests="5" skipped="0" failures="0" errors="0" timestamp="2020-10-15T21:39:28" hostname="daniellygj-Inspiron-7560" time="0.018">
  <properties/>
  <testcase name="hasSpeedInfraction_test()" classname="RadarTest" time="0.01"/>
  <testcase name="validPlate_test()" classname="RadarTest" time="0.001"/>
  <testcase name="invalidPlate_test()" classname="RadarTest" time="0.001"/>
  <testcase name="isWrongWay_test()" classname="RadarTest" time="0.001"/>
  <testcase name="hasNoInfraction_test()" classname="RadarTest" time="0.0"/>
  <system-out><![CDATA[]]></system-out>
  <system-err><![CDATA[]]></system-err>
</testsuite>
